<?xml version="1.0" encoding="UTF-8"?>
<!-- Generated by org.testng.reporters.JUnitReportReporter -->
<testsuite skipped="0" hostname="Apps-MacBook-Pro.local" name="com.blaze.qa.testNgFiles.WeatherDatavarification" tests="3" failures="0" timestamp="2020-07-03T08:42:33 IST" time="805.058" errors="0">
  <testcase name="VerifyWeatherDatasFromWEb" time="47.822" classname="com.blaze.qa.testNgFiles.WeatherDatavarification"/>
  <system-out/>
  <testcase name="VerifyWeatherDatasFromOpenWeatherAPI" time="0.669" classname="com.blaze.qa.testNgFiles.WeatherDatavarification"/>
  <system-out/>
  <testcase name="CompareToData" time="756.567" classname="com.blaze.qa.testNgFiles.WeatherDatavarification"/>
  <system-out/>
</testsuite> <!-- com.blaze.qa.testNgFiles.WeatherDatavarification -->
