<?xml version="1.0" encoding="UTF-8"?>
<!-- Generated by org.testng.reporters.JUnitReportReporter -->
<testsuite skipped="0" hostname="Apps-MacBook-Pro.local" name="com.blaze.qa.testNgFiles.WeatherDatavarification2" tests="7" failures="0" timestamp="2020-07-03T11:31:36 IST" time="38.310" errors="0">
  <testcase name="GotoWeatherPage" time="35.312" classname="com.blaze.qa.testNgFiles.WeatherDatavarification2"/>
  <system-out>
Preparing for weather Page launching waether page verified  </system-out>
  <testcase name="VerifySelectedCityinSearchBox" time="0.387" classname="com.blaze.qa.testNgFiles.WeatherDatavarification2"/>
  <system-out>
Expected location available in search box  </system-out>
  <testcase name="VerifySelectCityWithTemp" time="0.110" classname="com.blaze.qa.testNgFiles.WeatherDatavarification2"/>
  <system-out>
Expected location temperature available in Popup  </system-out>
  <testcase name="verifyPopupLocationAvailabel" time="1.660" classname="com.blaze.qa.testNgFiles.WeatherDatavarification2"/>
  <system-out/>
  <testcase name="getWeahterDetailsinWeb" time="0.300" classname="com.blaze.qa.testNgFiles.WeatherDatavarification2"/>
  <system-out/>
  <testcase name="getWeahterDetailsinAPI" time="0.538" classname="com.blaze.qa.testNgFiles.WeatherDatavarification2"/>
  <system-out/>
  <testcase name="VerifyDatasAreMatch" time="0.003" classname="com.blaze.qa.testNgFiles.WeatherDatavarification2"/>
  <system-out/>
</testsuite> <!-- com.blaze.qa.testNgFiles.WeatherDatavarification2 -->
